<?xml version="1.0" encoding="UTF-8"?>
<!-- Generated by org.testng.reporters.JUnitReportReporter -->
<testsuite hostname="LAPTOP-41VI2DO3" failures="0" tests="2" name="test.CLASS1" time="0.003" errors="0" timestamp="2020-11-24T20:42:05 EST" skipped="0">
  <testcase classname="test.CLASS1" name="Demo" time="0.002"/>
  <system-out/>
  <testcase classname="test.CLASS1" name="real" time="0.001"/>
  <system-out/>
</testsuite> <!-- test.CLASS1 -->
