<?xml version="1.0" encoding="UTF-8"?>
<!-- Generated by org.testng.reporters.JUnitReportReporter -->
<testsuite hostname="LAPTOP-41VI2DO3" failures="0" tests="2" name="test.Other2" time="0.002" errors="0" timestamp="2020-11-24T20:42:05 EST" skipped="0">
  <testcase classname="test.Other2" name="rr" time="0.001"/>
  <system-out/>
  <testcase classname="test.Other2" name="d" time="0.001"/>
  <system-out/>
</testsuite> <!-- test.Other2 -->
